<?xml version="1.0" encoding="UTF-8"?>
<!-- Generated by org.testng.reporters.JUnitReportReporter -->
<testsuite hostname="DESKTOP-P0NBNQ2" failures="0" tests="1" name="test.wpjobtest" time="65.581" errors="0" timestamp="2024-08-04T11:34:53 IST" skipped="0">
  <testcase classname="test.wpjobtest" name="test1" time="65.581"/>
  <system-out/>
</testsuite> <!-- test.wpjobtest -->
